<?xml version="1.0" encoding="UTF-8"?>
<testng-results ignored="0" total="1" passed="1" failed="0" skipped="0">
  <reporter-output>
  </reporter-output>
  <suite started-at="2018-10-06T06:47:02Z" name="Default suite" finished-at="2018-10-06T06:47:04Z" duration-ms="1375">
    <groups>
    </groups>
    <test started-at="2018-10-06T06:47:02Z" name="Default test" finished-at="2018-10-06T06:47:04Z" duration-ms="1375">
      <class name="com.javacodegeeks.Timepass">
        <test-method signature="simple_get_test()[pri:0, instance:com.javacodegeeks.Timepass@4b8ee4de]" started-at="2018-10-06T06:47:02Z" name="simple_get_test" finished-at="2018-10-06T06:47:04Z" duration-ms="1361" status="PASS">
          <reporter-output>
          </reporter-output>
        </test-method> <!-- simple_get_test -->
      </class> <!-- com.javacodegeeks.Timepass -->
    </test> <!-- Default test -->
  </suite> <!-- Default suite -->
</testng-results>
